<?xml version="1.0" encoding="UTF-8" ?>
<testsuite tests="10" failures="0" name="com.skpsystems.fizzbuzz.AppTest" time="0.011" errors="0" skipped="0">
  <properties>
[...]
</properties>
  <testcase classname="com.skpsystems.fizzbuzz.AppTest" name="test52IsBuzz" time="0.009"/>
  <testcase classname="com.skpsystems.fizzbuzz.AppTest" name="test1IsNotFizzOrBuzz" time="0"/>
  <testcase classname="com.skpsystems.fizzbuzz.AppTest" name="test3IsFizz" time="0"/>
  <testcase classname="com.skpsystems.fizzbuzz.AppTest" name="test53IsFizzBuzz" time="0"/>
  <testcase classname="com.skpsystems.fizzbuzz.AppTest" name="testApp" time="0"/>
  <testcase classname="com.skpsystems.fizzbuzz.AppTest" name="test9IsFizz" time="0.001"/>
  <testcase classname="com.skpsystems.fizzbuzz.AppTest" name="test13IsFizz" time="0"/>
  <testcase classname="com.skpsystems.fizzbuzz.AppTest" name="test5sBuzz" time="0"/>
  <testcase classname="com.skpsystems.fizzbuzz.AppTest" name="test15isFizzBuzz" time="0"/>
  <testcase classname="com.skpsystems.fizzbuzz.AppTest" name="test51IsBuzz" time="0.001"/>
</testsuite>